==============================================================================
Suites
==============================================================================
Suites.ForLoop
==============================================================================
Loop Test 1                                                           1
2
3
4
5
6
7
8
9
| PASS |
------------------------------------------------------------------------------
Loop Test 2                                                           1 2 3 4 5 6
| PASS |
------------------------------------------------------------------------------
Loop Test 3                                                           1 2 3 4 5 6
| PASS |
------------------------------------------------------------------------------
Loop Test 4                                                           Ankita Harvinder Shubhangi Sagar
| PASS |
------------------------------------------------------------------------------
Loop Test 5                                                           Ankita
Harvinder
Shubhangi
Sagar
| PASS |
------------------------------------------------------------------------------
Loop Test 6 with Exit                                                 1
2
3
| PASS |
------------------------------------------------------------------------------
Suites.ForLoop                                                        | PASS |
6 tests, 6 passed, 0 failed
==============================================================================
Suites                                                                | PASS |
6 tests, 6 passed, 0 failed
==============================================================================
Output:  C:\Users\SagarKhobragade\PycharmProjects\AutomationTest\Results\pabot_results\6\output.xml
