2026-07-09 21:07:13.876777 ==============================================================================
2026-07-09 21:07:13.901571 Suites
2026-07-09 21:07:13.901644 ==============================================================================
2026-07-09 21:07:15.360756 Suites.ForLoop
2026-07-09 21:07:15.369654 ==============================================================================
2026-07-09 21:07:15.369710 Loop Test 1                                                           1
2026-07-09 21:07:15.372776 2
2026-07-09 21:07:15.376137 3
2026-07-09 21:07:15.377390 4
2026-07-09 21:07:15.378379 5
2026-07-09 21:07:15.379070 6
2026-07-09 21:07:15.379933 7
2026-07-09 21:07:15.385140 8
2026-07-09 21:07:15.385191 9
2026-07-09 21:07:15.385211 | PASS |
2026-07-09 21:07:15.385236 ------------------------------------------------------------------------------
2026-07-09 21:07:15.385275 Loop Test 2                                                           1 2 3 4 5 6
2026-07-09 21:07:15.388385 | PASS |
2026-07-09 21:07:15.388989 ------------------------------------------------------------------------------
2026-07-09 21:07:15.389011 Loop Test 3                                                           1 2 3 4 5 6
2026-07-09 21:07:15.394788 | PASS |
2026-07-09 21:07:15.395822 ------------------------------------------------------------------------------
2026-07-09 21:07:15.395853 Loop Test 4                                                           Ankita Harvinder Shubhangi Sagar
2026-07-09 21:07:15.397718 | PASS |
2026-07-09 21:07:15.398568 ------------------------------------------------------------------------------
2026-07-09 21:07:15.398630 Loop Test 5                                                           Ankita
2026-07-09 21:07:15.402022 Harvinder
2026-07-09 21:07:15.403028 Shubhangi
2026-07-09 21:07:15.404071 Sagar
2026-07-09 21:07:15.404767 | PASS |
2026-07-09 21:07:15.405442 ------------------------------------------------------------------------------
2026-07-09 21:07:15.405465 Loop Test 6 with Exit                                                 1
2026-07-09 21:07:15.409159 2
2026-07-09 21:07:15.411813 3
2026-07-09 21:07:15.413748 | PASS |
2026-07-09 21:07:15.415121 ------------------------------------------------------------------------------
2026-07-09 21:07:15.415152 Suites.ForLoop                                                        | PASS |
2026-07-09 21:07:15.416095 6 tests, 6 passed, 0 failed
2026-07-09 21:07:15.416117 ==============================================================================
2026-07-09 21:07:15.416131 Suites                                                                | PASS |
2026-07-09 21:07:15.416951 6 tests, 6 passed, 0 failed
2026-07-09 21:07:15.416984 ==============================================================================
2026-07-09 21:07:15.417001 Output:  C:\Users\SagarKhobragade\PycharmProjects\AutomationTest\Results\pabot_results\6\output.xml
