[INFO]    Initialized logging in Results\pabot_results
[INFO]    Robot Framework remote server at 127.0.0.1:8270 started.
[DEBUG]   2026-07-09 21:07:11.341362 [PID:22168] [0] [ID:0] EXECUTING Suites.Alert
[DEBUG]   2026-07-09 21:07:11.341591 [PID:21840] [2] [ID:3] EXECUTING Suites.DataDrivenTesting 2
[DEBUG]   2026-07-09 21:07:11.341845 [PID:22032] [3] [ID:1] EXECUTING Suites.DB
[DEBUG]   2026-07-09 21:07:11.341995 [PID:2112] [1] [ID:2] EXECUTING Suites.DataDrivenTesting 1
[INFO]    2026-07-09 21:07:12.372766 [PID:22032] [3] [ID:1] Execution failed in Suites.DB with 1 failing test(s)
==============================================================================
Suites
==============================================================================
Suites.DB
==============================================================================
Create Table                                                          | FAIL |
Parent suite setup failed:
No keyword with name 'Connect To Database' found.
------------------------------------------------------------------------------
Suites.DB                                                             | FAIL |
Suite setup failed:
No keyword with name 'Connect To Database' found.

Also suite teardown failed:
No keyword with name 'Disconnect From Database' found.

1 test, 0 passed, 1 failed
==============================================================================
Suites                                                                | FAIL |
1 test, 0 passed, 1 failed
==============================================================================
Output:  C:\Users\SagarKhobragade\PycharmProjects\AutomationTest\Results\pabot_results\1\output.xml

[ ERROR ] Error in file 'C:\Users\SagarKhobragade\PycharmProjects\AutomationTest\TestCases\DB.robot' on line 2: Importing library 'DatabaseLibrary' failed: ModuleNotFoundError: No module named 'DatabaseLibrary'
Traceback (most recent call last):
  None
PYTHONPATH:
  C:\Users\SagarKhobragade\AppData\Local\Programs\Python\Python313\Scripts\robot.exe
  C:\Users\SagarKhobragade\AppData\Local\Programs\Python\Python313\python313.zip
  C:\Users\SagarKhobragade\AppData\Local\Programs\Python\Python313\DLLs
  C:\Users\SagarKhobragade\AppData\Local\Programs\Python\Python313\Lib
  C:\Users\SagarKhobragade\AppData\Local\Programs\Python\Python313
  C:\Users\SagarKhobragade\AppData\Local\Programs\Python\Python313\Lib\site-packages
[DEBUG]   2026-07-09 21:07:12.384307 [PID:19832] [0] [ID:4] EXECUTING Suites.DataDrivenTesting 3
[INFO]    2026-07-09 21:07:12.967299 [PID:21840] [2] [ID:3] Execution failed in Suites.DataDrivenTesting 2 with 1 failing test(s)
==============================================================================
Suites
==============================================================================
Suites.DataDrivenTesting 2
==============================================================================
Blank user name                                                       | FAIL |
Parent suite setup failed:
No keyword with name 'Open My Browser' found. Did you mean:
    SeleniumLibrary.Open Browser
------------------------------------------------------------------------------
Suites.DataDrivenTesting 2                                            | FAIL |
Suite setup failed:
No keyword with name 'Open My Browser' found. Did you mean:
    SeleniumLibrary.Open Browser

Also suite teardown failed:
No keyword with name 'Closed Browser' found. Did you mean:
    SeleniumLibrary.Close Browser

1 test, 0 passed, 1 failed
==============================================================================
Suites                                                                | FAIL |
1 test, 0 passed, 1 failed
==============================================================================
Output:  C:\Users\SagarKhobragade\PycharmProjects\AutomationTest\Results\pabot_results\3\output.xml

[ ERROR ] Error in file 'C:\Users\SagarKhobragade\PycharmProjects\AutomationTest\TestCases\DataDrivenTesting_2.robot' on line 3: Resource file '..\Resources\Login_Resources.robot' does not exist.
[DEBUG]   2026-07-09 21:07:12.980146 [PID:24940] [1] [ID:5] EXECUTING Suites.DataDrivenTesting Excel
[INFO]    2026-07-09 21:07:12.984339 [PID:2112] [1] [ID:2] Execution failed in Suites.DataDrivenTesting 1 with 3 failing test(s)
==============================================================================
Suites
==============================================================================
Suites.DataDrivenTesting 1
==============================================================================
Invalid User and Password                                             | FAIL |
Parent suite setup failed:
No keyword with name 'Open My Browser' found. Did you mean:
    SeleniumLibrary.Open Browser
------------------------------------------------------------------------------
Invalid User and correct Password                                     | FAIL |
Parent suite setup failed:
No keyword with name 'Open My Browser' found. Did you mean:
    SeleniumLibrary.Open Browser
------------------------------------------------------------------------------
Correct User and invalid Password                                     | FAIL |
Parent suite setup failed:
No keyword with name 'Open My Browser' found. Did you mean:
    SeleniumLibrary.Open Browser
------------------------------------------------------------------------------
Suites.DataDrivenTesting 1                                            | FAIL |
Suite setup failed:
No keyword with name 'Open My Browser' found. Did you mean:
    SeleniumLibrary.Open Browser

Also suite teardown failed:
No keyword with name 'Closed Browser' found. Did you mean:
    SeleniumLibrary.Close Browser

3 tests, 0 passed, 3 failed
==============================================================================
Suites                                                                | FAIL |
3 tests, 0 passed, 3 failed
==============================================================================
Output:  C:\Users\SagarKhobragade\PycharmProjects\AutomationTest\Results\pabot_results\2\output.xml

[ ERROR ] Error in file 'C:\Users\SagarKhobragade\PycharmProjects\AutomationTest\TestCases\DataDrivenTesting_1.robot' on line 3: Resource file '..\Resources\Login_Resources.robot' does not exist.
[DEBUG]   2026-07-09 21:07:12.997104 [PID:7416] [2] [ID:6] EXECUTING Suites.ForLoop
[INFO]    2026-07-09 21:07:14.623252 [PID:19832] [0] [ID:4] Execution failed in Suites.DataDrivenTesting 3 with 1 failing test(s)
==============================================================================
Suites
==============================================================================
Suites.DataDrivenTesting 3
==============================================================================
Blank Password                                                        | FAIL |
Parent suite setup failed:
No keyword with name 'Open My Browser' found. Did you mean:
    SeleniumLibrary.Open Browser
------------------------------------------------------------------------------
Suites.DataDrivenTesting 3                                            | FAIL |
Suite setup failed:
No keyword with name 'Open My Browser' found. Did you mean:
    SeleniumLibrary.Open Browser

Also suite teardown failed:
No keyword with name 'Closed Browser' found. Did you mean:
    SeleniumLibrary.Close Browser

1 test, 0 passed, 1 failed
==============================================================================
Suites                                                                | FAIL |
1 test, 0 passed, 1 failed
==============================================================================
Output:  C:\Users\SagarKhobragade\PycharmProjects\AutomationTest\Results\pabot_results\4\output.xml

[ ERROR ] Error in file 'C:\Users\SagarKhobragade\PycharmProjects\AutomationTest\TestCases\DataDrivenTesting_3.robot' on line 3: Resource file '..\Resources\Login_Resources.robot' does not exist.
[DEBUG]   2026-07-09 21:07:14.663080 [PID:18304] [3] [ID:7] EXECUTING Suites.GetAllLinks
[INFO]    2026-07-09 21:07:15.677443 [PID:24940] [1] [ID:5] Execution failed in Suites.DataDrivenTesting Excel with 1 failing test(s)
==============================================================================
Suites
==============================================================================
Suites.DataDrivenTesting Excel
==============================================================================
InvalidLoginTest ${username} and ${password}                          | FAIL |
Parent suite setup failed:
No keyword with name 'Open My Browser' found. Did you mean:
    SeleniumLibrary.Open Browser
------------------------------------------------------------------------------
Suites.DataDrivenTesting Excel                                        | FAIL |
Suite setup failed:
No keyword with name 'Open My Browser' found. Did you mean:
    SeleniumLibrary.Open Browser

Also suite teardown failed:
No keyword with name 'Closed Browser' found. Did you mean:
    SeleniumLibrary.Close Browser

1 test, 0 passed, 1 failed
==============================================================================
Suites                                                                | FAIL |
1 test, 0 passed, 1 failed
==============================================================================
Output:  C:\Users\SagarKhobragade\PycharmProjects\AutomationTest\Results\pabot_results\5\output.xml

[ ERROR ] Error in file 'C:\Users\SagarKhobragade\PycharmProjects\AutomationTest\TestCases\DataDrivenTesting_Excel.robot' on line 3: Resource file '..\Resources\Login_Resources.robot' does not exist.
[ ERROR ] Error in file 'C:\Users\SagarKhobragade\PycharmProjects\AutomationTest\TestCases\DataDrivenTesting_Excel.robot' on line 4: Importing library 'DataDriver' failed: ModuleNotFoundError: No module named 'DataDriver'
Traceback (most recent call last):
  None
PYTHONPATH:
  C:\Users\SagarKhobragade\AppData\Local\Programs\Python\Python313\Scripts\robot.exe
  C:\Users\SagarKhobragade\AppData\Local\Programs\Python\Python313\python313.zip
  C:\Users\SagarKhobragade\AppData\Local\Programs\Python\Python313\DLLs
  C:\Users\SagarKhobragade\AppData\Local\Programs\Python\Python313\Lib
  C:\Users\SagarKhobragade\AppData\Local\Programs\Python\Python313
  C:\Users\SagarKhobragade\AppData\Local\Programs\Python\Python313\Lib\site-packages
[DEBUG]   2026-07-09 21:07:15.691175 [PID:20816] [0] [ID:8] EXECUTING Suites.Inputbox
[INFO]    2026-07-09 21:07:15.784602 [PID:7416] [2] [ID:6] PASSED Suites.ForLoop in 2.8 seconds
[DEBUG]   2026-07-09 21:07:15.800801 [PID:2392] [1] [ID:9] EXECUTING Suites.LoginTest
[DEBUG]   2026-07-09 21:07:16.454880 [PID:22168] [0] [ID:0] still running Suites.Alert after 5.0s
[DEBUG]   2026-07-09 21:07:20.211157 [PID:18304] [3] [ID:7] still running Suites.GetAllLinks after 5.0s
[DEBUG]   2026-07-09 21:07:20.859383 [PID:20816] [0] [ID:8] still running Suites.Inputbox after 5.0s
[DEBUG]   2026-07-09 21:07:21.562045 [PID:2392] [1] [ID:9] still running Suites.LoginTest after 5.0s
[DEBUG]   2026-07-09 21:07:26.792558 [PID:22168] [0] [ID:0] still running Suites.Alert after 15.0s
[INFO]    2026-07-09 21:07:28.152614 [PID:22168] [0] [ID:0] Execution failed in Suites.Alert with 1 failing test(s)
==============================================================================
Suites
==============================================================================
Suites.Alert
==============================================================================
Alert Test                                                            | FAIL |
ValueError: Invalid alert action 'PRESS A BUTTON!'.
------------------------------------------------------------------------------
Suites.Alert                                                          | FAIL |
1 test, 0 passed, 1 failed
==============================================================================
Suites                                                                | FAIL |
1 test, 0 passed, 1 failed
==============================================================================
Output:  C:\Users\SagarKhobragade\PycharmProjects\AutomationTest\Results\pabot_results\0\output.xml

[ WARN ] Keyword 'Capture Page Screenshot' could not be run on failure: Alert Text: Press a button!
Message: unexpected alert open: {Alert text : Press a button!}
  (Session info: chrome=150.0.7871.47)
Stacktrace:
	chromedriver!GetHandleVerifier [0x7ff69a4ea865+152a5]
	chromedriver!GetHandleVerifier [0x7ff69a4ea8c0+15300]
	chromedriver!(No symbol) [0x7ff69a04596d]
	chromedriver!(No symbol) [0x7ff69a0ee84f]
	chromedriver!(No symbol) [0x7ff69a092b3c]
	chromedriver!(No symbol) [0x7ff69a093a53]
	chromedriver!GetHandleVerifier [0x7ff69aacd3a1+5f7de1]
	chromedriver!GetHandleVerifier [0x7ff69aac7a3b+5f247b]
	chromedriver!GetHandleVerifier [0x7ff69aaebca5+6166e5]
	chromedriver!GetHandleVerifier [0x7ff69a5072ae+31cee]
	chromedriver!GetHandleVerifier [0x7ff69a50fe3c+3a87c]
	chromedriver!GetHandleVerifier [0x7ff69a4f4404+1ee44]
	chromedriver!GetHandleVerifier [0x7ff69a4f4594+1efd4]
	chromedriver!GetHandleVerifier [0x7ff69a4d75c7+2007]
	KERNEL32!BaseThreadInitThunk [0x7ff8eadfe957+17]
	ntdll!RtlUserThreadStart [0x7ff8ec967c1c+2c]
[DEBUG]   2026-07-09 21:07:28.178047 [PID:27516] [2] [ID:10] EXECUTING Suites.MouseOperation
[INFO]    2026-07-09 21:07:29.098204 [PID:18304] [3] [ID:7] Execution failed in Suites.GetAllLinks with 1 failing test(s)
==============================================================================
Suites
==============================================================================
Suites.GetAllLinks
==============================================================================
AllPageLinks                                                          63
| FAIL |
Element with locator 'xpath:(//a)[0]' not found.
------------------------------------------------------------------------------
Suites.GetAllLinks                                                    | FAIL |
1 test, 0 passed, 1 failed
==============================================================================
Suites                                                                | FAIL |
1 test, 0 passed, 1 failed
==============================================================================
Output:  C:\Users\SagarKhobragade\PycharmProjects\AutomationTest\Results\pabot_results\7\output.xml
[DEBUG]   2026-07-09 21:07:29.142611 [PID:2736] [3] [ID:11] EXECUTING Suites.MultipleBrowser
[DEBUG]   2026-07-09 21:07:31.140340 [PID:20816] [0] [ID:8] still running Suites.Inputbox after 15.0s
[DEBUG]   2026-07-09 21:07:32.036656 [PID:2392] [1] [ID:9] still running Suites.LoginTest after 15.0s
[DEBUG]   2026-07-09 21:07:33.348777 [PID:27516] [2] [ID:10] still running Suites.MouseOperation after 5.0s
[DEBUG]   2026-07-09 21:07:34.838234 [PID:2736] [3] [ID:11] still running Suites.MultipleBrowser after 5.0s
[DEBUG]   2026-07-09 21:07:44.321455 [PID:27516] [2] [ID:10] still running Suites.MouseOperation after 15.0s
[DEBUG]   2026-07-09 21:07:46.190438 [PID:2736] [3] [ID:11] still running Suites.MultipleBrowser after 15.0s
[DEBUG]   2026-07-09 21:07:47.362614 [PID:20816] [0] [ID:8] still running Suites.Inputbox after 30.0s
[INFO]    2026-07-09 21:07:47.937694 [PID:20816] [0] [ID:8] PASSED Suites.Inputbox in 32.2 seconds
[DEBUG]   2026-07-09 21:07:47.960411 [PID:27108] [0] [ID:12] EXECUTING Suites.Radiobutton
[DEBUG]   2026-07-09 21:07:49.413757 [PID:2392] [1] [ID:9] still running Suites.LoginTest after 30.0s
[INFO]    2026-07-09 21:07:52.466982 [PID:27516] [2] [ID:10] PASSED Suites.MouseOperation in 24.3 seconds
[INFO]    2026-07-09 21:07:52.475899 [PID:2392] [1] [ID:9] PASSED Suites.LoginTest in 36.7 seconds
[DEBUG]   2026-07-09 21:07:52.502118 [PID:19824] [1] [ID:13] EXECUTING Suites.Screenshot
[DEBUG]   2026-07-09 21:07:52.529804 [PID:22508] [2] [ID:14] EXECUTING Suites.Scroll
[DEBUG]   2026-07-09 21:07:53.064449 [PID:27108] [0] [ID:12] still running Suites.Radiobutton after 5.0s
[DEBUG]   2026-07-09 21:07:57.793344 [PID:19824] [1] [ID:13] still running Suites.Screenshot after 5.0s
[DEBUG]   2026-07-09 21:07:57.916027 [PID:22508] [2] [ID:14] still running Suites.Scroll after 5.0s
[DEBUG]   2026-07-09 21:08:03.489017 [PID:2736] [3] [ID:11] still running Suites.MultipleBrowser after 30.0s
[DEBUG]   2026-07-09 21:08:03.766162 [PID:27108] [0] [ID:12] still running Suites.Radiobutton after 15.0s
[INFO]    2026-07-09 21:08:06.412018 [PID:27108] [0] [ID:12] Execution failed in Suites.Radiobutton with 1 failing test(s)
==============================================================================
Suites
==============================================================================
Suites.Radiobutton
==============================================================================
Dropdown operation                                                    | FAIL |
ElementClickInterceptedException: Message: element click intercepted: Element <span class="multiselect-selected-text">...</span> is not clickable at point (747, 665). Other element would receive the click: <div class="cookies-eu-banner">...</div>
  (Session info: chrome=150.0.7871.47); For documentation on this error, please visit: https://www.selenium.dev/documentation/webdriver/troubleshooting/errors#elementclickinterceptedexception
Stacktrace:
	chromedriver!GetHandleVerifier [0x7ff69a4ea865+152a5]
	chromedriver!GetHandleVerifier [0x7ff69a4ea8c0+15300]
	chromedriver!(No symbol) [0x7ff69a04596d]
	chromedriver!(No symbol) [0x7ff69a0a8225]
	chromedriver!(No symbol) [0x7ff69a0a5e43]
	chromedriver!(No symbol) [0x7ff69a0a3197]
	chromedriver!(No symbol) [0x7ff69a0a2060]
	chromedriver!(No symbol) [0x7ff69a094a58]
	chromedriver!(No symbol) [0x7ff69a0c8e6a]
	chromedriver!(No symbol) [0x7ff69a0942d6]
	chromedriver!(No symbol) [0x7ff69a0edcf4]
	chromedriver!(No symbol) [0x7ff69a092b3c]
	chromedriver!(No symbol) [0x7ff69a093a53]
	chromedriver!GetHandleVerifier [0x7ff69aacd3a1+5f7de1]
	chromedriver!GetHandleVerifier [0x7ff69aac7a3b+5f247b]
	chromedriver!GetHandleVerifier [0x7ff69aaebca5+6166e5]
	chromedriver!GetHandleVerifier [0x7ff69a5072ae+31cee]
	chromedriver!GetHandleVerifier [0x7ff69a50fe3c+3a87c]
	chromedriver!GetHandleVerifier [0x7ff69a4f4404+1ee44]
	chromedriver!GetHandleVerifier [0x7ff69a4f4594+1efd4]
	chromedriver!GetHandleVerifier [0x7ff69a4d75c7+2007]
	KERNEL32!BaseThreadInitThunk [0x7ff8eadfe957+17]
	ntdll!RtlUserThreadStart [0x7ff8ec967c1c+2c]
------------------------------------------------------------------------------
Suites.Radiobutton                                                    | FAIL |
1 test, 0 passed, 1 failed
==============================================================================
Suites                                                                | FAIL |
1 test, 0 passed, 1 failed
==============================================================================
Output:  C:\Users\SagarKhobragade\PycharmProjects\AutomationTest\Results\pabot_results\12\output.xml
[DEBUG]   2026-07-09 21:08:06.438480 [PID:25452] [3] [ID:15] EXECUTING Suites.SetUpAndTearDown
[INFO]    2026-07-09 21:08:07.960387 [PID:25452] [3] [ID:15] PASSED Suites.SetUpAndTearDown in 1.5 seconds
[DEBUG]   2026-07-09 21:08:07.988502 [PID:272] [0] [ID:16] EXECUTING Suites.SpeedTest
[DEBUG]   2026-07-09 21:08:08.362089 [PID:19824] [1] [ID:13] still running Suites.Screenshot after 15.0s
[DEBUG]   2026-07-09 21:08:09.176569 [PID:22508] [2] [ID:14] still running Suites.Scroll after 15.0s
[INFO]    2026-07-09 21:08:09.977161 [PID:22508] [2] [ID:14] PASSED Suites.Scroll in 17.5 seconds
[DEBUG]   2026-07-09 21:08:09.994500 [PID:24920] [1] [ID:17] EXECUTING Suites.TC1
[DEBUG]   2026-07-09 21:08:13.181014 [PID:272] [0] [ID:16] still running Suites.SpeedTest after 5.0s
[DEBUG]   2026-07-09 21:08:15.080257 [PID:24920] [1] [ID:17] still running Suites.TC1 after 5.0s
[DEBUG]   2026-07-09 21:08:23.286529 [PID:272] [0] [ID:16] still running Suites.SpeedTest after 15.0s
[DEBUG]   2026-07-09 21:08:23.587770 [PID:19824] [1] [ID:13] still running Suites.Screenshot after 30.0s
[DEBUG]   2026-07-09 21:08:23.937230 [PID:2736] [3] [ID:11] still running Suites.MultipleBrowser after 50.0s
[DEBUG]   2026-07-09 21:08:25.147573 [PID:24920] [1] [ID:17] still running Suites.TC1 after 15.0s
[INFO]    2026-07-09 21:08:29.625475 [PID:19824] [1] [ID:13] PASSED Suites.Screenshot in 37.1 seconds
[DEBUG]   2026-07-09 21:08:29.635808 [PID:19016] [2] [ID:18] EXECUTING Suites.Table
[DEBUG]   2026-07-09 21:08:34.677272 [PID:19016] [2] [ID:18] still running Suites.Table after 5.0s
[DEBUG]   2026-07-09 21:08:38.396618 [PID:272] [0] [ID:16] still running Suites.SpeedTest after 30.0s
[DEBUG]   2026-07-09 21:08:40.240161 [PID:24920] [1] [ID:17] still running Suites.TC1 after 30.0s
[DEBUG]   2026-07-09 21:08:44.731614 [PID:19016] [2] [ID:18] still running Suites.Table after 15.0s
[DEBUG]   2026-07-09 21:08:49.116047 [PID:2736] [3] [ID:11] still running Suites.MultipleBrowser after 75.0s
[DEBUG]   2026-07-09 21:08:58.564398 [PID:272] [0] [ID:16] still running Suites.SpeedTest after 50.0s
[DEBUG]   2026-07-09 21:08:59.870551 [PID:19016] [2] [ID:18] still running Suites.Table after 30.0s
[DEBUG]   2026-07-09 21:09:00.369646 [PID:24920] [1] [ID:17] still running Suites.TC1 after 50.0s
[DEBUG]   2026-07-09 21:09:19.268028 [PID:2736] [3] [ID:11] still running Suites.MultipleBrowser after 105.0s
[DEBUG]   2026-07-09 21:09:19.960196 [PID:19016] [2] [ID:18] still running Suites.Table after 50.0s
[DEBUG]   2026-07-09 21:09:23.685597 [PID:272] [0] [ID:16] still running Suites.SpeedTest after 75.0s
[DEBUG]   2026-07-09 21:09:25.494353 [PID:24920] [1] [ID:17] still running Suites.TC1 after 75.0s
[DEBUG]   2026-07-09 21:09:45.092659 [PID:19016] [2] [ID:18] still running Suites.Table after 75.0s
[DEBUG]   2026-07-09 21:09:53.838278 [PID:272] [0] [ID:16] still running Suites.SpeedTest after 105.0s
[DEBUG]   2026-07-09 21:09:54.454493 [PID:2736] [3] [ID:11] still running Suites.MultipleBrowser after 140.0s
[DEBUG]   2026-07-09 21:09:55.664573 [PID:24920] [1] [ID:17] still running Suites.TC1 after 105.0s
[INFO]    2026-07-09 21:10:00.600723 [PID:24920] [1] [ID:17] PASSED Suites.TC1 in 110.6 seconds
[DEBUG]   2026-07-09 21:10:00.609891 [PID:23360] [3] [ID:19] EXECUTING Suites.TimeOutTest
[DEBUG]   2026-07-09 21:10:05.664098 [PID:23360] [3] [ID:19] still running Suites.TimeOutTest after 5.0s
[INFO]    2026-07-09 21:10:06.864523 [PID:19016] [2] [ID:18] PASSED Suites.Table in 97.2 seconds
[DEBUG]   2026-07-09 21:10:06.875350 [PID:20132] [0] [ID:20] EXECUTING Suites.UserKeywords
[INFO]    2026-07-09 21:10:08.333032 [PID:20132] [0] [ID:20] Execution failed in Suites.UserKeywords with 1 failing test(s)
==============================================================================
Suites
==============================================================================
Suites.UserKeywords
==============================================================================
Alert Test                                                            | FAIL |
No keyword with name 'launchBrowser' found.
------------------------------------------------------------------------------
Suites.UserKeywords                                                   | FAIL |
1 test, 0 passed, 1 failed
==============================================================================
Suites                                                                | FAIL |
1 test, 0 passed, 1 failed
==============================================================================
Output:  C:\Users\SagarKhobragade\PycharmProjects\AutomationTest\Results\pabot_results\20\output.xml

[ ERROR ] Error in file 'C:\Users\SagarKhobragade\PycharmProjects\AutomationTest\TestCases\UserKeywords.robot' on line 3: Resource file '..\Resources\Resources.robot' does not exist.
[DEBUG]   2026-07-09 21:10:08.345816 [PID:25772] [1] [ID:21] EXECUTING Suites.Window
[DEBUG]   2026-07-09 21:10:13.406674 [PID:25772] [1] [ID:21] still running Suites.Window after 5.0s
[DEBUG]   2026-07-09 21:10:15.862405 [PID:23360] [3] [ID:19] still running Suites.TimeOutTest after 15.0s
[DEBUG]   2026-07-09 21:10:23.500446 [PID:25772] [1] [ID:21] still running Suites.Window after 15.0s
[INFO]    2026-07-09 21:10:25.618344 [PID:272] [0] [ID:16] PASSED Suites.SpeedTest in 137.6 seconds
[DEBUG]   2026-07-09 21:10:30.978212 [PID:23360] [3] [ID:19] still running Suites.TimeOutTest after 30.0s
[DEBUG]   2026-07-09 21:10:34.895261 [PID:2736] [3] [ID:11] still running Suites.MultipleBrowser after 180.0s
[DEBUG]   2026-07-09 21:10:38.622584 [PID:25772] [1] [ID:21] still running Suites.Window after 30.0s
[DEBUG]   2026-07-09 21:10:51.106305 [PID:23360] [3] [ID:19] still running Suites.TimeOutTest after 50.0s
[DEBUG]   2026-07-09 21:10:58.719818 [PID:25772] [1] [ID:21] still running Suites.Window after 50.0s
[DEBUG]   2026-07-09 21:11:16.243026 [PID:23360] [3] [ID:19] still running Suites.TimeOutTest after 75.0s
[DEBUG]   2026-07-09 21:11:20.154636 [PID:2736] [3] [ID:11] still running Suites.MultipleBrowser after 225.0s
[DEBUG]   2026-07-09 21:11:23.824701 [PID:25772] [1] [ID:21] still running Suites.Window after 75.0s
[DEBUG]   2026-07-09 21:11:46.485305 [PID:23360] [3] [ID:19] still running Suites.TimeOutTest after 105.0s
[INFO]    2026-07-09 21:11:49.723180 [PID:2736] [3] [ID:11] Execution failed in Suites.MultipleBrowser with 1 failing test(s)
==============================================================================
Suites
==============================================================================
Suites.MultipleBrowser
==============================================================================
Alert Test                                                            Mastercard - MastercardB2C
UAT Issue Tracker - MastercardB2C
| PASS |
------------------------------------------------------------------------------
Navigation Test                                                       https://shopmastercardmerchb2c.lapine.dev/QA/
| FAIL |
ReadTimeoutError: HTTPConnectionPool(host='localhost', port=49283): Read timed out. (read timeout=120)
------------------------------------------------------------------------------
Suites.MultipleBrowser                                                | FAIL |
2 tests, 1 passed, 1 failed
==============================================================================
Suites                                                                | FAIL |
2 tests, 1 passed, 1 failed
==============================================================================
Output:  C:\Users\SagarKhobragade\PycharmProjects\AutomationTest\Results\pabot_results\11\output.xml
[DEBUG]   2026-07-09 21:11:54.025238 [PID:25772] [1] [ID:21] still running Suites.Window after 105.0s
[INFO]    2026-07-09 21:12:12.622229 [PID:25772] [1] [ID:21] PASSED Suites.Window in 124.3 seconds
[DEBUG]   2026-07-09 21:12:21.675758 [PID:23360] [3] [ID:19] still running Suites.TimeOutTest after 140.0s
[INFO]    2026-07-09 21:12:30.622797 [PID:23360] [3] [ID:19] Execution failed in Suites.TimeOutTest with 1 failing test(s)
==============================================================================
Suites
==============================================================================
Suites.TimeOutTest
==============================================================================
Registration TimeOut Test                                             | PASS |
------------------------------------------------------------------------------
Implicit Wait                                                         | FAIL |
Element with locator 'id:FirstName1' not found.
------------------------------------------------------------------------------
Suites.TimeOutTest                                                    | FAIL |
2 tests, 1 passed, 1 failed
==============================================================================
Suites                                                                | FAIL |
2 tests, 1 passed, 1 failed
==============================================================================
Output:  C:\Users\SagarKhobragade\PycharmProjects\AutomationTest\Results\pabot_results\19\output.xml
[INFO]    33 tests, 20 passed, 13 failed, 0 skipped.
[INFO]    ===================================================
[INFO]    Output:  C:\Users\SagarKhobragade\PycharmProjects\AutomationTest\Results\output.xml
[INFO]    Log:     C:\Users\SagarKhobragade\PycharmProjects\AutomationTest\Results\log.html
[INFO]    Report:  C:\Users\SagarKhobragade\PycharmProjects\AutomationTest\Results\report.html
[DEBUG]   Finalizing Pabot execution...
[DEBUG]   Stopping PabotLib process
[INFO]    Robot Framework remote server at 127.0.0.1:8270 stopped.
[DEBUG]   PabotLib process stopped
[INFO]    Total testing: 18 minutes 12.59 seconds
[INFO]    Elapsed time:  5 minutes 21.85 seconds
[DEBUG]   Logs flushed successfully.
