2026-07-09 16:38:57.954429 ==============================================================================
2026-07-09 16:38:57.973322 Suites
2026-07-09 16:38:57.973413 ==============================================================================
2026-07-09 16:38:59.224001 Suites.MultipleBrowser
2026-07-09 16:38:59.232529 ==============================================================================
2026-07-09 16:39:22.451408 Alert Test                                                            Mastercard - MastercardB2C
2026-07-09 16:39:22.639842 UAT Issue Tracker - MastercardB2C
2026-07-09 16:39:32.674944 | PASS |
2026-07-09 16:39:32.707783 ------------------------------------------------------------------------------
2026-07-09 16:39:40.419030 Navigation Test                                                       https://shopmastercardmerchb2c.lapine.dev/QA/
2026-07-09 16:39:44.767727 https://shopmastercardmerchb2c.lapine.dev/QA/index.php?route=issue_tracker/issue_tracker&page=common/home
2026-07-09 16:39:48.506303 https://shopmastercardmerchb2c.lapine.dev/QA/
2026-07-09 16:39:48.559944 | PASS |
2026-07-09 16:39:48.560255 ------------------------------------------------------------------------------
2026-07-09 16:39:48.560275 Suites.MultipleBrowser                                                | PASS |
2026-07-09 16:39:48.562162 2 tests, 2 passed, 0 failed
2026-07-09 16:39:48.562187 ==============================================================================
2026-07-09 16:39:48.562202 Suites                                                                | PASS |
2026-07-09 16:39:48.562719 2 tests, 2 passed, 0 failed
2026-07-09 16:39:48.562742 ==============================================================================
2026-07-09 16:39:48.562760 Output:  C:\Users\SagarKhobragade\PycharmProjects\AutomationTest\pabot_results\11\output.xml
