2026-07-09 16:39:32.784313 ==============================================================================
2026-07-09 16:39:32.804131 Suites
2026-07-09 16:39:32.804218 ==============================================================================
2026-07-09 16:39:32.804271 Suites.SetUpAndTearDown
2026-07-09 16:39:32.806722 ==============================================================================
2026-07-09 16:39:32.806777 opening browser
2026-07-09 16:39:32.808465 TC1                                                                   login into application
2026-07-09 16:39:32.810683 This is recharge test
2026-07-09 16:39:32.811828 logoff from application
2026-07-09 16:39:32.812671 | PASS |
2026-07-09 16:39:32.812876 ------------------------------------------------------------------------------
2026-07-09 16:39:32.812932 TC2                                                                   login into application
2026-07-09 16:39:32.814621 This is postpade test
2026-07-09 16:39:32.814915 logoff from application
2026-07-09 16:39:32.815572 | PASS |
2026-07-09 16:39:32.815990 ------------------------------------------------------------------------------
2026-07-09 16:39:32.816029 TC3                                                                   login into application
2026-07-09 16:39:32.817428 This is Search test
2026-07-09 16:39:32.818166 logoff from application
2026-07-09 16:39:32.818873 | PASS |
2026-07-09 16:39:32.819024 ------------------------------------------------------------------------------
2026-07-09 16:39:32.819054 closing browser
2026-07-09 16:39:32.819867 Suites.SetUpAndTearDown                                               | PASS |
2026-07-09 16:39:32.820326 3 tests, 3 passed, 0 failed
2026-07-09 16:39:32.820369 ==============================================================================
2026-07-09 16:39:32.820598 Suites                                                                | PASS |
2026-07-09 16:39:32.821065 3 tests, 3 passed, 0 failed
2026-07-09 16:39:32.821297 ==============================================================================
2026-07-09 16:39:32.821332 Output:  C:\Users\SagarKhobragade\PycharmProjects\AutomationTest\pabot_results\15\output.xml
