==============================================================================
Suites
==============================================================================
Suites.DB
==============================================================================
Create Table                                                          | FAIL |
Parent suite setup failed:
No keyword with name 'Connect To Database' found.
------------------------------------------------------------------------------
Suites.DB                                                             | FAIL |
Suite setup failed:
No keyword with name 'Connect To Database' found.

Also suite teardown failed:
No keyword with name 'Disconnect From Database' found.

1 test, 0 passed, 1 failed
==============================================================================
Suites                                                                | FAIL |
1 test, 0 passed, 1 failed
==============================================================================
Output:  C:\Users\SagarKhobragade\PycharmProjects\AutomationTest\Results\pabot_results\1\output.xml
