==============================================================================
Suites
==============================================================================
Suites.DataDrivenTesting 1
==============================================================================
Invalid User and Password                                             | FAIL |
Parent suite setup failed:
No keyword with name 'Open My Browser' found. Did you mean:
    SeleniumLibrary.Open Browser
------------------------------------------------------------------------------
Invalid User and correct Password                                     | FAIL |
Parent suite setup failed:
No keyword with name 'Open My Browser' found. Did you mean:
    SeleniumLibrary.Open Browser
------------------------------------------------------------------------------
Correct User and invalid Password                                     | FAIL |
Parent suite setup failed:
No keyword with name 'Open My Browser' found. Did you mean:
    SeleniumLibrary.Open Browser
------------------------------------------------------------------------------
Suites.DataDrivenTesting 1                                            | FAIL |
Suite setup failed:
No keyword with name 'Open My Browser' found. Did you mean:
    SeleniumLibrary.Open Browser

Also suite teardown failed:
No keyword with name 'Closed Browser' found. Did you mean:
    SeleniumLibrary.Close Browser

3 tests, 0 passed, 3 failed
==============================================================================
Suites                                                                | FAIL |
3 tests, 0 passed, 3 failed
==============================================================================
Output:  C:\Users\SagarKhobragade\PycharmProjects\AutomationTest\pabot_results\2\output.xml
