2026-07-09 21:07:30.701904 ==============================================================================
2026-07-09 21:07:30.755514 Suites
2026-07-09 21:07:30.755748 ==============================================================================
2026-07-09 21:07:31.920514 Suites.MultipleBrowser
2026-07-09 21:07:31.924810 ==============================================================================
2026-07-09 21:07:53.179841 Alert Test                                                            Mastercard - MastercardB2C
2026-07-09 21:07:53.300954 UAT Issue Tracker - MastercardB2C
2026-07-09 21:08:06.928735 | PASS |
2026-07-09 21:08:06.976121 ------------------------------------------------------------------------------
2026-07-09 21:08:41.864069 Navigation Test                                                       https://shopmastercardmerchb2c.lapine.dev/QA/
2026-07-09 21:11:47.256883 | FAIL |
2026-07-09 21:11:47.265324 ReadTimeoutError: HTTPConnectionPool(host='localhost', port=49283): Read timed out. (read timeout=120)
2026-07-09 21:11:47.265354 ------------------------------------------------------------------------------
2026-07-09 21:11:47.265374 Suites.MultipleBrowser                                                | FAIL |
2026-07-09 21:11:47.265956 2 tests, 1 passed, 1 failed
2026-07-09 21:11:47.266021 ==============================================================================
2026-07-09 21:11:47.266040 Suites                                                                | FAIL |
2026-07-09 21:11:47.266475 2 tests, 1 passed, 1 failed
2026-07-09 21:11:47.266536 ==============================================================================
2026-07-09 21:11:47.266558 Output:  C:\Users\SagarKhobragade\PycharmProjects\AutomationTest\Results\pabot_results\11\output.xml
