==============================================================================
Suites
==============================================================================
Suites.MultipleBrowser
==============================================================================
Alert Test                                                            Mastercard - MastercardB2C
UAT Issue Tracker - MastercardB2C
| PASS |
------------------------------------------------------------------------------
Navigation Test                                                       https://shopmastercardmerchb2c.lapine.dev/QA/
| FAIL |
ReadTimeoutError: HTTPConnectionPool(host='localhost', port=49283): Read timed out. (read timeout=120)
------------------------------------------------------------------------------
Suites.MultipleBrowser                                                | FAIL |
2 tests, 1 passed, 1 failed
==============================================================================
Suites                                                                | FAIL |
2 tests, 1 passed, 1 failed
==============================================================================
Output:  C:\Users\SagarKhobragade\PycharmProjects\AutomationTest\Results\pabot_results\11\output.xml
