2026-07-09 16:38:41.396051 ==============================================================================
2026-07-09 16:38:41.397505 Suites
2026-07-09 16:38:41.397572 ==============================================================================
2026-07-09 16:38:41.772245 Suites.ForLoop
2026-07-09 16:38:41.776696 ==============================================================================
2026-07-09 16:38:41.776722 Loop Test 1                                                           1
2026-07-09 16:38:41.778453 2
2026-07-09 16:38:41.779040 3
2026-07-09 16:38:41.779482 4
2026-07-09 16:38:41.779891 5
2026-07-09 16:38:41.780377 6
2026-07-09 16:38:41.780841 7
2026-07-09 16:38:41.781319 8
2026-07-09 16:38:41.781895 9
2026-07-09 16:38:41.782505 | PASS |
2026-07-09 16:38:41.782910 ------------------------------------------------------------------------------
2026-07-09 16:38:41.782933 Loop Test 2                                                           1 2 3 4 5 6
2026-07-09 16:38:41.783976 | PASS |
2026-07-09 16:38:41.784403 ------------------------------------------------------------------------------
2026-07-09 16:38:41.792712 Loop Test 3                                                           1 2 3 4 5 6
2026-07-09 16:38:41.792793 | PASS |
2026-07-09 16:38:41.792836 ------------------------------------------------------------------------------
2026-07-09 16:38:41.792871 Loop Test 4                                                           Ankita Harvinder Shubhangi Sagar
2026-07-09 16:38:41.792905 | PASS |
2026-07-09 16:38:41.792936 ------------------------------------------------------------------------------
2026-07-09 16:38:41.792986 Loop Test 5                                                           Ankita
2026-07-09 16:38:41.793029 Harvinder
2026-07-09 16:38:41.793063 Shubhangi
2026-07-09 16:38:41.793087 Sagar
2026-07-09 16:38:41.793114 | PASS |
2026-07-09 16:38:41.793141 ------------------------------------------------------------------------------
2026-07-09 16:38:41.793165 Loop Test 6 with Exit                                                 1
2026-07-09 16:38:41.793189 2
2026-07-09 16:38:41.793214 3
2026-07-09 16:38:41.793990 | PASS |
2026-07-09 16:38:41.794681 ------------------------------------------------------------------------------
2026-07-09 16:38:41.794704 Suites.ForLoop                                                        | PASS |
2026-07-09 16:38:41.795165 6 tests, 6 passed, 0 failed
2026-07-09 16:38:41.795181 ==============================================================================
2026-07-09 16:38:41.795197 Suites                                                                | PASS |
2026-07-09 16:38:41.795467 6 tests, 6 passed, 0 failed
2026-07-09 16:38:41.795483 ==============================================================================
2026-07-09 16:38:41.795492 Output:  C:\Users\SagarKhobragade\PycharmProjects\AutomationTest\pabot_results\6\output.xml
