2026-07-09 21:08:07.441221 ==============================================================================
2026-07-09 21:08:07.458619 Suites
2026-07-09 21:08:07.461197 ==============================================================================
2026-07-09 21:08:07.461285 Suites.SetUpAndTearDown
2026-07-09 21:08:07.463985 ==============================================================================
2026-07-09 21:08:07.465538 opening browser
2026-07-09 21:08:07.466685 TC1                                                                   login into application
2026-07-09 21:08:07.469619 This is recharge test
2026-07-09 21:08:07.470469 logoff from application
2026-07-09 21:08:07.471069 | PASS |
2026-07-09 21:08:07.471257 ------------------------------------------------------------------------------
2026-07-09 21:08:07.471333 TC2                                                                   login into application
2026-07-09 21:08:07.472715 This is postpade test
2026-07-09 21:08:07.473562 logoff from application
2026-07-09 21:08:07.474596 | PASS |
2026-07-09 21:08:07.474725 ------------------------------------------------------------------------------
2026-07-09 21:08:07.474775 TC3                                                                   login into application
2026-07-09 21:08:07.476022 This is Search test
2026-07-09 21:08:07.476607 logoff from application
2026-07-09 21:08:07.477213 | PASS |
2026-07-09 21:08:07.477310 ------------------------------------------------------------------------------
2026-07-09 21:08:07.477338 closing browser
2026-07-09 21:08:07.478147 Suites.SetUpAndTearDown                                               | PASS |
2026-07-09 21:08:07.478802 3 tests, 3 passed, 0 failed
2026-07-09 21:08:07.478854 ==============================================================================
2026-07-09 21:08:07.478979 Suites                                                                | PASS |
2026-07-09 21:08:07.480209 3 tests, 3 passed, 0 failed
2026-07-09 21:08:07.480330 ==============================================================================
2026-07-09 21:08:07.480451 Output:  C:\Users\SagarKhobragade\PycharmProjects\AutomationTest\Results\pabot_results\15\output.xml
